2020-09-03T01:35:04+00:00 INFO POST https://api.sandbox.paypal.com/v1/oauth2/token
2020-09-03T01:35:05+00:00 DEBUG Request Headers 	: POST /v1/oauth2/token HTTP/1.1, Host: api.sandbox.paypal.com, User-Agent: PayPalSDK/PayPal-PHP-SDK 1.14.0 (platform-ver=7.4.9; bit=64; os=Windows_NT_10.0; machine=AMD64; crypto-lib-ver=1.1.1g; curl=7.70.0), Authorization: Basic Og==, Accept: */*, Content-Length: 29, Content-Type: application/x-www-form-urlencoded, , 
2020-09-03T01:35:05+00:00 DEBUG Request Data		: grant_type=client_credentials
--------------------------------------------------------------------------------------------------------------------------------

2020-09-03T01:35:05+00:00 INFO Response Status 	: 401
2020-09-03T01:35:05+00:00 DEBUG Response Headers	: Cache-Control: max-age=0, no-cache, no-store, must-revalidate, Content-Length: 77, Content-Type: application/json, Date: Thu, 03 Sep 2020 01:34:58 GMT, Paypal-Debug-Id: e7437072cbd98, X-Paypal-Token-Service: IAAS, 
2020-09-03T01:35:05+00:00 ERROR Got Http response code 401 when accessing https://api.sandbox.paypal.com/v1/oauth2/token. {"error":"invalid_client","error_description":"Client Authentication failed"}
2020-09-03T01:35:05+00:00 DEBUG 

================================================================================================================================

2020-09-03T01:35:05+00:00 ERROR Inpsyde\Lib\PayPal\Exception\PayPalConnectionException: Got Http response code 401 when accessing https://api.sandbox.paypal.com/v1/oauth2/token. in C:\xampp\htdocs\TBL_TECHNERDS_SHOP\wp-content\plugins\woo-paypalplus\lib\PayPal\Core\PayPalHttpConnection.php:207
Stack trace:
#0 C:\xampp\htdocs\TBL_TECHNERDS_SHOP\wp-content\plugins\woo-paypalplus\lib\PayPal\Auth\OAuthTokenCredential.php(252): Inpsyde\Lib\PayPal\Core\PayPalHttpConnection->execute('grant_type=clie...')
#1 C:\xampp\htdocs\TBL_TECHNERDS_SHOP\wp-content\plugins\woo-paypalplus\lib\PayPal\Auth\OAuthTokenCredential.php(280): Inpsyde\Lib\PayPal\Auth\OAuthTokenCredential->getToken(Array, '', '', 'grant_type=clie...')
#2 C:\xampp\htdocs\TBL_TECHNERDS_SHOP\wp-content\plugins\woo-paypalplus\lib\PayPal\Auth\OAuthTokenCredential.php(216): Inpsyde\Lib\PayPal\Auth\OAuthTokenCredential->generateAccessToken(Array, NULL)
#3 C:\xampp\htdocs\TBL_TECHNERDS_SHOP\wp-content\plugins\woo-paypalplus\lib\PayPal\Auth\OAuthTokenCredential.php(166): Inpsyde\Lib\PayPal\Auth\OAuthTokenCredential->updateAccessToken(Array)
#4 C:\xampp\htdocs\TBL_TECHNERDS_SHOP\wp-content\plugins\woo-paypalplus\lib\PayPal\Handler\RestHandler.php(82): Inpsyde\Lib\PayPal\Auth\OAuthTokenCredential->getAccessToken(Array)
#5 C:\xampp\htdocs\TBL_TECHNERDS_SHOP\wp-content\plugins\woo-paypalplus\lib\PayPal\Transport\PayPalRestCall.php(75): Inpsyde\Lib\PayPal\Handler\RestHandler->handle(Object(Inpsyde\Lib\PayPal\Core\PayPalHttpConfig), '{"intent":"sale...', Array)
#6 C:\xampp\htdocs\TBL_TECHNERDS_SHOP\wp-content\plugins\woo-paypalplus\lib\PayPal\Common\PayPalResourceModel.php(104): Inpsyde\Lib\PayPal\Transport\PayPalRestCall->execute(Array, '/v1/payments/pa...', 'POST', '{"intent":"sale...', Array)
#7 C:\xampp\htdocs\TBL_TECHNERDS_SHOP\wp-content\plugins\woo-paypalplus\lib\PayPal\Api\Payment.php(571): Inpsyde\Lib\PayPal\Common\PayPalResourceModel::executeCall('/v1/payments/pa...', 'POST', '{"intent":"sale...', NULL, Object(Inpsyde\Lib\PayPal\Rest\ApiContext), Object(Inpsyde\Lib\PayPal\Transport\PayPalRestCall))
#8 C:\xampp\htdocs\TBL_TECHNERDS_SHOP\wp-content\plugins\woo-paypalplus\src\Payment\PaymentCreator.php(59): Inpsyde\Lib\PayPal\Api\Payment->create(Object(Inpsyde\Lib\PayPal\Rest\ApiContext))
#9 C:\xampp\htdocs\TBL_TECHNERDS_SHOP\wp-content\plugins\woo-paypalplus\src\ExpressCheckoutGateway\CartCheckout.php(123): WCPayPalPlus\Payment\PaymentCreator->create()
#10 C:\xampp\htdocs\TBL_TECHNERDS_SHOP\wp-includes\class-wp-hook.php(287): WCPayPalPlus\ExpressCheckoutGateway\CartCheckout->createOrder(Array)
#11 C:\xampp\htdocs\TBL_TECHNERDS_SHOP\wp-includes\class-wp-hook.php(311): WP_Hook->apply_filters('', Array)
#12 C:\xampp\htdocs\TBL_TECHNERDS_SHOP\wp-includes\plugin.php(478): WP_Hook->do_action(Array)
#13 C:\xampp\htdocs\TBL_TECHNERDS_SHOP\wp-content\plugins\woo-paypalplus\src\ExpressCheckoutGateway\Dispatcher.php(34): do_action('woopaypalplus.e...', Array)
#14 C:\xampp\htdocs\TBL_TECHNERDS_SHOP\wp-content\plugins\woo-paypalplus\src\ExpressCheckoutGateway\AjaxHandler.php(92): WCPayPalPlus\ExpressCheckoutGateway\Dispatcher->dispatch('cart', 'createOrder', Array)
#15 C:\xampp\htdocs\TBL_TECHNERDS_SHOP\wp-includes\class-wp-hook.php(287): WCPayPalPlus\ExpressCheckoutGateway\AjaxHandler->handle('')
#16 C:\xampp\htdocs\TBL_TECHNERDS_SHOP\wp-includes\class-wp-hook.php(311): WP_Hook->apply_filters('', Array)
#17 C:\xampp\htdocs\TBL_TECHNERDS_SHOP\wp-includes\plugin.php(478): WP_Hook->do_action(Array)
#18 C:\xampp\htdocs\TBL_TECHNERDS_SHOP\wp-admin\admin-ajax.php(190): do_action('wp_ajax_nopriv_...')
#19 {main}
2020-09-03T01:35:05+00:00 ERROR Got Http response code 401 when accessing https://api.sandbox.paypal.com/v1/oauth2/token.
2020-09-03T01:35:11+00:00 INFO POST https://api.sandbox.paypal.com/v1/oauth2/token
2020-09-03T01:35:12+00:00 DEBUG Request Headers 	: POST /v1/oauth2/token HTTP/1.1, Host: api.sandbox.paypal.com, User-Agent: PayPalSDK/PayPal-PHP-SDK 1.14.0 (platform-ver=7.4.9; bit=64; os=Windows_NT_10.0; machine=AMD64; crypto-lib-ver=1.1.1g; curl=7.70.0), Authorization: Basic Og==, Accept: */*, Content-Length: 29, Content-Type: application/x-www-form-urlencoded, , 
2020-09-03T01:35:12+00:00 DEBUG Request Data		: grant_type=client_credentials
--------------------------------------------------------------------------------------------------------------------------------

2020-09-03T01:35:12+00:00 INFO Response Status 	: 401
2020-09-03T01:35:12+00:00 DEBUG Response Headers	: Cache-Control: max-age=0, no-cache, no-store, must-revalidate, Content-Length: 77, Content-Type: application/json, Date: Thu, 03 Sep 2020 01:35:05 GMT, Paypal-Debug-Id: 922d2419ab95d, X-Paypal-Token-Service: IAAS, 
2020-09-03T01:35:12+00:00 ERROR Got Http response code 401 when accessing https://api.sandbox.paypal.com/v1/oauth2/token. {"error":"invalid_client","error_description":"Client Authentication failed"}
2020-09-03T01:35:12+00:00 DEBUG 

================================================================================================================================

2020-09-03T01:35:12+00:00 ERROR Inpsyde\Lib\PayPal\Exception\PayPalConnectionException: Got Http response code 401 when accessing https://api.sandbox.paypal.com/v1/oauth2/token. in C:\xampp\htdocs\TBL_TECHNERDS_SHOP\wp-content\plugins\woo-paypalplus\lib\PayPal\Core\PayPalHttpConnection.php:207
Stack trace:
#0 C:\xampp\htdocs\TBL_TECHNERDS_SHOP\wp-content\plugins\woo-paypalplus\lib\PayPal\Auth\OAuthTokenCredential.php(252): Inpsyde\Lib\PayPal\Core\PayPalHttpConnection->execute('grant_type=clie...')
#1 C:\xampp\htdocs\TBL_TECHNERDS_SHOP\wp-content\plugins\woo-paypalplus\lib\PayPal\Auth\OAuthTokenCredential.php(280): Inpsyde\Lib\PayPal\Auth\OAuthTokenCredential->getToken(Array, '', '', 'grant_type=clie...')
#2 C:\xampp\htdocs\TBL_TECHNERDS_SHOP\wp-content\plugins\woo-paypalplus\lib\PayPal\Auth\OAuthTokenCredential.php(216): Inpsyde\Lib\PayPal\Auth\OAuthTokenCredential->generateAccessToken(Array, NULL)
#3 C:\xampp\htdocs\TBL_TECHNERDS_SHOP\wp-content\plugins\woo-paypalplus\lib\PayPal\Auth\OAuthTokenCredential.php(166): Inpsyde\Lib\PayPal\Auth\OAuthTokenCredential->updateAccessToken(Array)
#4 C:\xampp\htdocs\TBL_TECHNERDS_SHOP\wp-content\plugins\woo-paypalplus\lib\PayPal\Handler\RestHandler.php(82): Inpsyde\Lib\PayPal\Auth\OAuthTokenCredential->getAccessToken(Array)
#5 C:\xampp\htdocs\TBL_TECHNERDS_SHOP\wp-content\plugins\woo-paypalplus\lib\PayPal\Transport\PayPalRestCall.php(75): Inpsyde\Lib\PayPal\Handler\RestHandler->handle(Object(Inpsyde\Lib\PayPal\Core\PayPalHttpConfig), '{"intent":"sale...', Array)
#6 C:\xampp\htdocs\TBL_TECHNERDS_SHOP\wp-content\plugins\woo-paypalplus\lib\PayPal\Common\PayPalResourceModel.php(104): Inpsyde\Lib\PayPal\Transport\PayPalRestCall->execute(Array, '/v1/payments/pa...', 'POST', '{"intent":"sale...', Array)
#7 C:\xampp\htdocs\TBL_TECHNERDS_SHOP\wp-content\plugins\woo-paypalplus\lib\PayPal\Api\Payment.php(571): Inpsyde\Lib\PayPal\Common\PayPalResourceModel::executeCall('/v1/payments/pa...', 'POST', '{"intent":"sale...', NULL, Object(Inpsyde\Lib\PayPal\Rest\ApiContext), Object(Inpsyde\Lib\PayPal\Transport\PayPalRestCall))
#8 C:\xampp\htdocs\TBL_TECHNERDS_SHOP\wp-content\plugins\woo-paypalplus\src\Payment\PaymentCreator.php(59): Inpsyde\Lib\PayPal\Api\Payment->create(Object(Inpsyde\Lib\PayPal\Rest\ApiContext))
#9 C:\xampp\htdocs\TBL_TECHNERDS_SHOP\wp-content\plugins\woo-paypalplus\src\ExpressCheckoutGateway\CartCheckout.php(123): WCPayPalPlus\Payment\PaymentCreator->create()
#10 C:\xampp\htdocs\TBL_TECHNERDS_SHOP\wp-includes\class-wp-hook.php(287): WCPayPalPlus\ExpressCheckoutGateway\CartCheckout->createOrder(Array)
#11 C:\xampp\htdocs\TBL_TECHNERDS_SHOP\wp-includes\class-wp-hook.php(311): WP_Hook->apply_filters('', Array)
#12 C:\xampp\htdocs\TBL_TECHNERDS_SHOP\wp-includes\plugin.php(478): WP_Hook->do_action(Array)
#13 C:\xampp\htdocs\TBL_TECHNERDS_SHOP\wp-content\plugins\woo-paypalplus\src\ExpressCheckoutGateway\Dispatcher.php(34): do_action('woopaypalplus.e...', Array)
#14 C:\xampp\htdocs\TBL_TECHNERDS_SHOP\wp-content\plugins\woo-paypalplus\src\ExpressCheckoutGateway\AjaxHandler.php(92): WCPayPalPlus\ExpressCheckoutGateway\Dispatcher->dispatch('cart', 'createOrder', Array)
#15 C:\xampp\htdocs\TBL_TECHNERDS_SHOP\wp-includes\class-wp-hook.php(287): WCPayPalPlus\ExpressCheckoutGateway\AjaxHandler->handle('')
#16 C:\xampp\htdocs\TBL_TECHNERDS_SHOP\wp-includes\class-wp-hook.php(311): WP_Hook->apply_filters('', Array)
#17 C:\xampp\htdocs\TBL_TECHNERDS_SHOP\wp-includes\plugin.php(478): WP_Hook->do_action(Array)
#18 C:\xampp\htdocs\TBL_TECHNERDS_SHOP\wp-admin\admin-ajax.php(190): do_action('wp_ajax_nopriv_...')
#19 {main}
2020-09-03T01:35:12+00:00 ERROR Got Http response code 401 when accessing https://api.sandbox.paypal.com/v1/oauth2/token.
2020-09-03T01:35:15+00:00 INFO POST https://api.sandbox.paypal.com/v1/oauth2/token
2020-09-03T01:35:17+00:00 DEBUG Request Headers 	: POST /v1/oauth2/token HTTP/1.1, Host: api.sandbox.paypal.com, User-Agent: PayPalSDK/PayPal-PHP-SDK 1.14.0 (platform-ver=7.4.9; bit=64; os=Windows_NT_10.0; machine=AMD64; crypto-lib-ver=1.1.1g; curl=7.70.0), Authorization: Basic Og==, Accept: */*, PayPal-Partner-Attribution-Id: WooCommerce_Cart_Plus, Content-Length: 29, Content-Type: application/x-www-form-urlencoded, , 
2020-09-03T01:35:17+00:00 DEBUG Request Data		: grant_type=client_credentials
--------------------------------------------------------------------------------------------------------------------------------

2020-09-03T01:35:17+00:00 INFO Response Status 	: 401
2020-09-03T01:35:17+00:00 DEBUG Response Headers	: Cache-Control: max-age=0, no-cache, no-store, must-revalidate, Content-Length: 77, Content-Type: application/json, Date: Thu, 03 Sep 2020 01:35:10 GMT, Paypal-Debug-Id: 5c17371b7da9b, X-Paypal-Token-Service: IAAS, 
2020-09-03T01:35:17+00:00 ERROR Got Http response code 401 when accessing https://api.sandbox.paypal.com/v1/oauth2/token. {"error":"invalid_client","error_description":"Client Authentication failed"}
2020-09-03T01:35:17+00:00 DEBUG 

================================================================================================================================

2020-09-03T01:35:19+00:00 INFO POST https://api.sandbox.paypal.com/v1/oauth2/token
2020-09-03T01:35:20+00:00 DEBUG Request Headers 	: POST /v1/oauth2/token HTTP/1.1, Host: api.sandbox.paypal.com, User-Agent: PayPalSDK/PayPal-PHP-SDK 1.14.0 (platform-ver=7.4.9; bit=64; os=Windows_NT_10.0; machine=AMD64; crypto-lib-ver=1.1.1g; curl=7.70.0), Authorization: Basic Og==, Accept: */*, PayPal-Partner-Attribution-Id: WooCommerce_Cart_Plus, Content-Length: 29, Content-Type: application/x-www-form-urlencoded, , 
2020-09-03T01:35:20+00:00 DEBUG Request Data		: grant_type=client_credentials
--------------------------------------------------------------------------------------------------------------------------------

2020-09-03T01:35:20+00:00 INFO Response Status 	: 401
2020-09-03T01:35:20+00:00 DEBUG Response Headers	: Cache-Control: max-age=0, no-cache, no-store, must-revalidate, Content-Length: 77, Content-Type: application/json, Date: Thu, 03 Sep 2020 01:35:14 GMT, Paypal-Debug-Id: 69be6d0a518e4, X-Paypal-Token-Service: IAAS, 
2020-09-03T01:35:20+00:00 ERROR Got Http response code 401 when accessing https://api.sandbox.paypal.com/v1/oauth2/token. {"error":"invalid_client","error_description":"Client Authentication failed"}
2020-09-03T01:35:20+00:00 DEBUG 

================================================================================================================================

2020-09-03T01:35:38+00:00 INFO POST https://api.sandbox.paypal.com/v1/oauth2/token
2020-09-03T01:35:39+00:00 DEBUG Request Headers 	: POST /v1/oauth2/token HTTP/1.1, Host: api.sandbox.paypal.com, User-Agent: PayPalSDK/PayPal-PHP-SDK 1.14.0 (platform-ver=7.4.9; bit=64; os=Windows_NT_10.0; machine=AMD64; crypto-lib-ver=1.1.1g; curl=7.70.0), Authorization: Basic Og==, Accept: */*, PayPal-Partner-Attribution-Id: WooCommerce_Cart_Plus, Content-Length: 29, Content-Type: application/x-www-form-urlencoded, , 
2020-09-03T01:35:39+00:00 DEBUG Request Data		: grant_type=client_credentials
--------------------------------------------------------------------------------------------------------------------------------

2020-09-03T01:35:39+00:00 INFO Response Status 	: 401
2020-09-03T01:35:39+00:00 DEBUG Response Headers	: Cache-Control: max-age=0, no-cache, no-store, must-revalidate, Content-Length: 77, Content-Type: application/json, Date: Thu, 03 Sep 2020 01:35:32 GMT, Paypal-Debug-Id: 60b1c7332d7f9, X-Paypal-Token-Service: IAAS, 
2020-09-03T01:35:39+00:00 ERROR Got Http response code 401 when accessing https://api.sandbox.paypal.com/v1/oauth2/token. {"error":"invalid_client","error_description":"Client Authentication failed"}
2020-09-03T01:35:39+00:00 DEBUG 

================================================================================================================================

2020-09-03T01:36:28+00:00 INFO POST https://api.sandbox.paypal.com/v1/oauth2/token
2020-09-03T01:36:29+00:00 DEBUG Request Headers 	: POST /v1/oauth2/token HTTP/1.1, Host: api.sandbox.paypal.com, User-Agent: PayPalSDK/PayPal-PHP-SDK 1.14.0 (platform-ver=7.4.9; bit=64; os=Windows_NT_10.0; machine=AMD64; crypto-lib-ver=1.1.1g; curl=7.70.0), Authorization: Basic Og==, Accept: */*, PayPal-Partner-Attribution-Id: WooCommerce_Cart_Plus, Content-Length: 29, Content-Type: application/x-www-form-urlencoded, , 
2020-09-03T01:36:29+00:00 DEBUG Request Data		: grant_type=client_credentials
--------------------------------------------------------------------------------------------------------------------------------

2020-09-03T01:36:29+00:00 INFO Response Status 	: 401
2020-09-03T01:36:29+00:00 DEBUG Response Headers	: Cache-Control: max-age=0, no-cache, no-store, must-revalidate, Content-Length: 77, Content-Type: application/json, Date: Thu, 03 Sep 2020 01:36:22 GMT, Paypal-Debug-Id: 4576269750527, X-Paypal-Token-Service: IAAS, 
2020-09-03T01:36:29+00:00 ERROR Got Http response code 401 when accessing https://api.sandbox.paypal.com/v1/oauth2/token. {"error":"invalid_client","error_description":"Client Authentication failed"}
2020-09-03T01:36:29+00:00 DEBUG 

================================================================================================================================

